<?xml version="1.0" encoding="UTF-8"?>
<!-- Generated by org.testng.reporters.JUnitXMLReporter -->
<testsuite ignored="2" hostname="NIKITA" failures="0" tests="1" name="Default test" time="0.055" errors="0" timestamp="2022-09-03T12:19:30 IST">
  <testcase classname="test.LoanTest" name="PersonalLoanTest1" time="0.009"/>
  <testcase classname="test.LoanTest" name="PersonalLoanTest" time="0.0">
    <ignored/>
  </testcase> <!-- PersonalLoanTest -->
  <testcase classname="test.LoanTest" name="HomeLoanTest" time="0.0">
    <ignored/>
  </testcase> <!-- HomeLoanTest -->
</testsuite> <!-- Default test -->
