<?xml version="1.0" encoding="UTF-8"?>
<!-- Generated by org.testng.reporters.JUnitXMLReporter -->
<testsuite ignored="3" hostname="NIKITA" failures="0" tests="3" name="Test" time="0.076" errors="0" timestamp="2022-09-03T12:18:36 IST">
  <testcase classname="test.LoanTest" name="PersonalLoanTest" time="0.006"/>
  <testcase classname="test.LoanTest" name="PersonalLoanTest1" time="0.002"/>
  <testcase classname="test.CardTest" name="CCTest" time="0.003"/>
  <testcase classname="test.BaseClass" name="@AfterTest method4" time="0.0">
    <ignored/>
  </testcase> <!-- @AfterTest method4 -->
  <testcase classname="test.BaseClass" name="@BeforeTest method3" time="0.0">
    <ignored/>
  </testcase> <!-- @BeforeTest method3 -->
  <testcase classname="test.LoanTest" name="HomeLoanTest" time="0.0">
    <ignored/>
  </testcase> <!-- HomeLoanTest -->
</testsuite> <!-- Test -->
