<?xml version="1.0" encoding="UTF-8"?>
<testng-results ignored="2" total="3" passed="1" failed="0" skipped="0">
  <reporter-output>
  </reporter-output>
  <suite started-at="2022-09-03T12:19:30 IST" name="Default suite" finished-at="2022-09-03T12:19:30 IST" duration-ms="55">
    <groups>
    </groups>
    <test started-at="2022-09-03T12:19:30 IST" name="Default test" finished-at="2022-09-03T12:19:30 IST" duration-ms="55">
      <class name="test.LoanTest">
        <test-method is-config="true" signature="method3()[pri:0, instance:test.LoanTest@1e6454ec]" started-at="2022-09-03T12:19:30 IST" name="method3" finished-at="2022-09-03T12:19:30 IST" duration-ms="9" status="PASS">
          <reporter-output>
          </reporter-output>
        </test-method> <!-- method3 -->
        <test-method is-config="true" signature="method1()[pri:0, instance:test.LoanTest@1e6454ec]" started-at="2022-09-03T12:19:30 IST" name="method1" finished-at="2022-09-03T12:19:30 IST" duration-ms="0" status="PASS">
          <reporter-output>
          </reporter-output>
        </test-method> <!-- method1 -->
        <test-method signature="PersonalLoanTest1()[pri:0, instance:test.LoanTest@1e6454ec]" started-at="2022-09-03T12:19:30 IST" name="PersonalLoanTest1" finished-at="2022-09-03T12:19:30 IST" duration-ms="9" status="PASS">
          <reporter-output>
          </reporter-output>
        </test-method> <!-- PersonalLoanTest1 -->
        <test-method is-config="true" signature="method2()[pri:0, instance:test.LoanTest@1e6454ec]" started-at="2022-09-03T12:19:30 IST" name="method2" finished-at="2022-09-03T12:19:30 IST" duration-ms="2" status="PASS">
          <reporter-output>
          </reporter-output>
        </test-method> <!-- method2 -->
        <test-method is-config="true" signature="method4()[pri:0, instance:test.LoanTest@1e6454ec]" started-at="2022-09-03T12:19:30 IST" name="method4" finished-at="2022-09-03T12:19:30 IST" duration-ms="0" status="PASS">
          <reporter-output>
          </reporter-output>
        </test-method> <!-- method4 -->
      </class> <!-- test.LoanTest -->
    </test> <!-- Default test -->
  </suite> <!-- Default suite -->
</testng-results>
